Determining if the pthread_create exist failed with the following output:
Change Dir: /home/philipp/projects/dptycho/build/CMakeFiles/CMakeTmp

Run Build Command:"/usr/bin/make" "cmTC_e3f1e/fast"
/usr/bin/make -f CMakeFiles/cmTC_e3f1e.dir/build.make CMakeFiles/cmTC_e3f1e.dir/build
make[1]: Entering directory '/home/philipp/projects/dptycho/build/CMakeFiles/CMakeTmp'
Building C object CMakeFiles/cmTC_e3f1e.dir/CheckSymbolExists.c.o
/usr/bin/cc    -fPIC    -o CMakeFiles/cmTC_e3f1e.dir/CheckSymbolExists.c.o   -c /home/philipp/projects/dptycho/build/CMakeFiles/CMakeTmp/CheckSymbolExists.c
Linking C executable cmTC_e3f1e
/usr/bin/cmake -E cmake_link_script CMakeFiles/cmTC_e3f1e.dir/link.txt --verbose=1
/usr/bin/cc  -fPIC     CMakeFiles/cmTC_e3f1e.dir/CheckSymbolExists.c.o  -o cmTC_e3f1e -rdynamic 
CMakeFiles/cmTC_e3f1e.dir/CheckSymbolExists.c.o: In function `main':
CheckSymbolExists.c:(.text+0x1b): undefined reference to `pthread_create'
collect2: error: ld returned 1 exit status
CMakeFiles/cmTC_e3f1e.dir/build.make:97: recipe for target 'cmTC_e3f1e' failed
make[1]: *** [cmTC_e3f1e] Error 1
make[1]: Leaving directory '/home/philipp/projects/dptycho/build/CMakeFiles/CMakeTmp'
Makefile:126: recipe for target 'cmTC_e3f1e/fast' failed
make: *** [cmTC_e3f1e/fast] Error 2

File /home/philipp/projects/dptycho/build/CMakeFiles/CMakeTmp/CheckSymbolExists.c:
/* */
#include <pthread.h>

int main(int argc, char** argv)
{
  (void)argv;
#ifndef pthread_create
  return ((int*)(&pthread_create))[argc];
#else
  (void)argc;
  return 0;
#endif
}

Determining if the function pthread_create exists in the pthreads failed with the following output:
Change Dir: /home/philipp/projects/dptycho/build/CMakeFiles/CMakeTmp

Run Build Command:"/usr/bin/make" "cmTC_95725/fast"
/usr/bin/make -f CMakeFiles/cmTC_95725.dir/build.make CMakeFiles/cmTC_95725.dir/build
make[1]: Entering directory '/home/philipp/projects/dptycho/build/CMakeFiles/CMakeTmp'
Building C object CMakeFiles/cmTC_95725.dir/CheckFunctionExists.c.o
/usr/bin/cc    -fPIC -DCHECK_FUNCTION_EXISTS=pthread_create   -o CMakeFiles/cmTC_95725.dir/CheckFunctionExists.c.o   -c /usr/share/cmake-3.5/Modules/CheckFunctionExists.c
Linking C executable cmTC_95725
/usr/bin/cmake -E cmake_link_script CMakeFiles/cmTC_95725.dir/link.txt --verbose=1
/usr/bin/cc  -fPIC -DCHECK_FUNCTION_EXISTS=pthread_create    CMakeFiles/cmTC_95725.dir/CheckFunctionExists.c.o  -o cmTC_95725 -rdynamic -lpthreads 
/usr/bin/ld: cannot find -lpthreads
collect2: error: ld returned 1 exit status
CMakeFiles/cmTC_95725.dir/build.make:97: recipe for target 'cmTC_95725' failed
make[1]: *** [cmTC_95725] Error 1
make[1]: Leaving directory '/home/philipp/projects/dptycho/build/CMakeFiles/CMakeTmp'
Makefile:126: recipe for target 'cmTC_95725/fast' failed
make: *** [cmTC_95725/fast] Error 2


